2015-11-02 22:15:09,529 [Worker-5] INFO  o.e.m.c.i.l.LifecycleMappingFactory - Using org.eclipse.m2e.jdt.JarLifecycleMapping lifecycle mapping for MavenProject: HBV501G:Spring_Web_MVC:0.1 @ C:\Users\Hafrún\OneDrive\Eclipse\Prufa\SpringBootMVC-master\pom.xml.
2015-11-02 22:15:14,391 [Worker-5] INFO  o.e.m.j.i.AbstractJavaProjectConfigurator - Adding source folder /SpringBootMVC-master/src/main/java
2015-11-02 22:15:14,392 [Worker-5] INFO  o.e.m.j.i.AbstractJavaProjectConfigurator - Adding resource folder /SpringBootMVC-master/src/main/resources
2015-11-02 22:15:14,393 [Worker-5] INFO  o.e.m.j.i.AbstractJavaProjectConfigurator - Adding resource folder /SpringBootMVC-master/src/main/resources
2015-11-02 22:15:14,394 [Worker-5] INFO  o.e.m.j.i.AbstractJavaProjectConfigurator - Adding source folder /SpringBootMVC-master/src/test/java
2015-11-02 22:15:15,793 [Worker-5] INFO  o.e.m.c.i.p.ProjectConfigurationManager - Imported and configured 1 project(s) in 14 sec
2015-11-02 22:15:17,478 [Worker-12] INFO  o.e.m.c.i.embedder.EclipseLogger - Using 'UTF-8' encoding to copy filtered resources.
2015-11-02 22:15:17,485 [Worker-12] INFO  o.e.m.c.i.embedder.EclipseLogger - Copying 1 resource
2015-11-02 22:15:17,513 [Worker-12] INFO  o.e.m.c.i.embedder.EclipseLogger - Copying 1 resource
2015-11-02 22:15:17,530 [Worker-12] INFO  o.e.m.c.i.embedder.EclipseLogger - Using 'UTF-8' encoding to copy filtered resources.
2015-11-02 22:15:17,530 [Worker-12] INFO  o.e.m.c.i.embedder.EclipseLogger - skip non existing resourceDirectory C:\Users\Hafrún\OneDrive\Eclipse\Prufa\SpringBootMVC-master\src\test\resources
2015-11-02 22:16:15,160 [Worker-10] INFO  o.e.m.c.i.embedder.EclipseLogger - Using 'UTF-8' encoding to copy filtered resources.
2015-11-02 22:16:15,163 [Worker-10] INFO  o.e.m.c.i.embedder.EclipseLogger - Copying 0 resource
2015-11-02 22:16:15,164 [Worker-10] INFO  o.e.m.c.i.embedder.EclipseLogger - Copying 0 resource
2015-11-02 22:16:15,167 [Worker-10] INFO  o.e.m.c.i.embedder.EclipseLogger - Using 'UTF-8' encoding to copy filtered resources.
2015-11-02 22:16:15,167 [Worker-10] INFO  o.e.m.c.i.embedder.EclipseLogger - skip non existing resourceDirectory C:\Users\Hafrún\OneDrive\Eclipse\Prufa\SpringBootMVC-master\src\test\resources
2015-11-02 22:19:33,470 [Worker-6] INFO  o.e.m.c.i.embedder.EclipseLogger - Using 'UTF-8' encoding to copy filtered resources.
2015-11-02 22:19:33,475 [Worker-6] INFO  o.e.m.c.i.embedder.EclipseLogger - Copying 1 resource
2015-11-02 22:19:33,483 [Worker-6] INFO  o.e.m.c.i.embedder.EclipseLogger - Copying 1 resource
2015-11-02 22:19:33,487 [Worker-6] INFO  o.e.m.c.i.embedder.EclipseLogger - Using 'UTF-8' encoding to copy filtered resources.
2015-11-02 22:19:33,504 [Worker-6] INFO  o.e.m.c.i.embedder.EclipseLogger - skip non existing resourceDirectory C:\Users\Hafrún\OneDrive\Eclipse\Prufa\SpringBootMVC-master\src\test\resources
2015-11-02 22:19:53,620 [Worker-15] INFO  o.e.m.c.i.embedder.EclipseLogger - Using 'UTF-8' encoding to copy filtered resources.
2015-11-02 22:19:53,622 [Worker-15] INFO  o.e.m.c.i.embedder.EclipseLogger - Copying 1 resource
2015-11-02 22:19:53,636 [Worker-15] INFO  o.e.m.c.i.embedder.EclipseLogger - Copying 1 resource
2015-11-02 22:19:53,650 [Worker-15] INFO  o.e.m.c.i.embedder.EclipseLogger - Using 'UTF-8' encoding to copy filtered resources.
2015-11-02 22:19:53,651 [Worker-15] INFO  o.e.m.c.i.embedder.EclipseLogger - skip non existing resourceDirectory C:\Users\Hafrún\OneDrive\Eclipse\Prufa\SpringBootMVC-master\src\test\resources
2015-11-02 22:21:30,646 [Worker-15] INFO  o.e.m.c.i.embedder.EclipseLogger - Using 'UTF-8' encoding to copy filtered resources.
2015-11-02 22:21:30,647 [Worker-15] INFO  o.e.m.c.i.embedder.EclipseLogger - Copying 0 resource
2015-11-02 22:21:30,658 [Worker-15] INFO  o.e.m.c.i.embedder.EclipseLogger - Copying 0 resource
2015-11-02 22:21:30,672 [Worker-15] INFO  o.e.m.c.i.embedder.EclipseLogger - Using 'UTF-8' encoding to copy filtered resources.
2015-11-02 22:21:30,686 [Worker-15] INFO  o.e.m.c.i.embedder.EclipseLogger - skip non existing resourceDirectory C:\Users\Hafrún\OneDrive\Eclipse\Prufa\SpringBootMVC-master\src\test\resources
2015-11-02 22:23:09,498 [Worker-6] INFO  o.e.m.c.i.embedder.EclipseLogger - Using 'UTF-8' encoding to copy filtered resources.
2015-11-02 22:23:09,502 [Worker-6] INFO  o.e.m.c.i.embedder.EclipseLogger - Copying 0 resource
2015-11-02 22:23:09,515 [Worker-6] INFO  o.e.m.c.i.embedder.EclipseLogger - Copying 1 resource
2015-11-02 22:23:09,536 [Worker-6] INFO  o.e.m.c.i.embedder.EclipseLogger - Using 'UTF-8' encoding to copy filtered resources.
2015-11-02 22:23:09,537 [Worker-6] INFO  o.e.m.c.i.embedder.EclipseLogger - skip non existing resourceDirectory C:\Users\Hafrún\OneDrive\Eclipse\Prufa\SpringBootMVC-master\src\test\resources
2015-11-02 22:23:46,509 [Worker-6] INFO  o.e.m.c.i.embedder.EclipseLogger - Using 'UTF-8' encoding to copy filtered resources.
2015-11-02 22:23:46,510 [Worker-6] INFO  o.e.m.c.i.embedder.EclipseLogger - Copying 0 resource
2015-11-02 22:23:46,510 [Worker-6] INFO  o.e.m.c.i.embedder.EclipseLogger - Copying 0 resource
2015-11-02 22:23:46,514 [Worker-6] INFO  o.e.m.c.i.embedder.EclipseLogger - Using 'UTF-8' encoding to copy filtered resources.
2015-11-02 22:23:46,522 [Worker-6] INFO  o.e.m.c.i.embedder.EclipseLogger - skip non existing resourceDirectory C:\Users\Hafrún\OneDrive\Eclipse\Prufa\SpringBootMVC-master\src\test\resources
2015-11-02 22:31:09,567 [Worker-19] INFO  o.e.m.c.i.embedder.EclipseLogger - Using 'UTF-8' encoding to copy filtered resources.
2015-11-02 22:31:09,597 [Worker-19] INFO  o.e.m.c.i.embedder.EclipseLogger - Copying 1 resource
2015-11-02 22:31:09,620 [Worker-19] INFO  o.e.m.c.i.embedder.EclipseLogger - Copying 2 resources
2015-11-02 22:31:09,638 [Worker-19] INFO  o.e.m.c.i.embedder.EclipseLogger - Using 'UTF-8' encoding to copy filtered resources.
2015-11-02 22:31:09,639 [Worker-19] INFO  o.e.m.c.i.embedder.EclipseLogger - skip non existing resourceDirectory C:\Users\Hafrún\OneDrive\Eclipse\Prufa\SpringBootMVC-master\src\test\resources
2015-11-03 13:00:20,714 [Worker-32] INFO  o.e.m.c.i.embedder.EclipseLogger - Using 'UTF-8' encoding to copy filtered resources.
2015-11-03 13:00:20,717 [Worker-32] INFO  o.e.m.c.i.embedder.EclipseLogger - Copying 1 resource
2015-11-03 13:00:20,732 [Worker-32] INFO  o.e.m.c.i.embedder.EclipseLogger - Copying 2 resources
2015-11-03 13:00:20,745 [Worker-32] INFO  o.e.m.c.i.embedder.EclipseLogger - Using 'UTF-8' encoding to copy filtered resources.
2015-11-03 13:00:20,754 [Worker-32] INFO  o.e.m.c.i.embedder.EclipseLogger - skip non existing resourceDirectory C:\Users\Hafrún\OneDrive\Eclipse\Prufa\SpringBootMVC-master\src\test\resources
2015-11-03 13:01:12,813 [Worker-32] INFO  o.e.m.c.i.embedder.EclipseLogger - Using 'UTF-8' encoding to copy filtered resources.
2015-11-03 13:01:12,815 [Worker-32] INFO  o.e.m.c.i.embedder.EclipseLogger - Copying 1 resource
2015-11-03 13:01:12,828 [Worker-32] INFO  o.e.m.c.i.embedder.EclipseLogger - Copying 2 resources
2015-11-03 13:01:12,841 [Worker-32] INFO  o.e.m.c.i.embedder.EclipseLogger - Using 'UTF-8' encoding to copy filtered resources.
2015-11-03 13:01:12,842 [Worker-32] INFO  o.e.m.c.i.embedder.EclipseLogger - skip non existing resourceDirectory C:\Users\Hafrún\OneDrive\Eclipse\Prufa\SpringBootMVC-master\src\test\resources
2015-11-03 13:01:36,993 [Worker-38] INFO  o.e.m.c.i.embedder.EclipseLogger - Using 'UTF-8' encoding to copy filtered resources.
2015-11-03 13:01:36,995 [Worker-38] INFO  o.e.m.c.i.embedder.EclipseLogger - Copying 1 resource
2015-11-03 13:01:37,000 [Worker-38] INFO  o.e.m.c.i.embedder.EclipseLogger - Copying 2 resources
2015-11-03 13:01:37,005 [Worker-38] INFO  o.e.m.c.i.embedder.EclipseLogger - Using 'UTF-8' encoding to copy filtered resources.
2015-11-03 13:01:37,005 [Worker-38] INFO  o.e.m.c.i.embedder.EclipseLogger - skip non existing resourceDirectory C:\Users\Hafrún\OneDrive\Eclipse\Prufa\SpringBootMVC-master\src\test\resources
2015-11-03 13:08:16,186 [Worker-39] INFO  o.e.m.c.i.embedder.EclipseLogger - Using 'UTF-8' encoding to copy filtered resources.
2015-11-03 13:08:16,188 [Worker-39] INFO  o.e.m.c.i.embedder.EclipseLogger - Copying 1 resource
2015-11-03 13:08:16,201 [Worker-39] INFO  o.e.m.c.i.embedder.EclipseLogger - Copying 2 resources
2015-11-03 13:08:16,220 [Worker-39] INFO  o.e.m.c.i.embedder.EclipseLogger - Using 'UTF-8' encoding to copy filtered resources.
2015-11-03 13:08:16,220 [Worker-39] INFO  o.e.m.c.i.embedder.EclipseLogger - skip non existing resourceDirectory C:\Users\Hafrún\OneDrive\Eclipse\Prufa\SpringBootMVC-master\src\test\resources
2015-11-03 13:08:19,530 [Worker-34] INFO  o.e.m.c.i.embedder.EclipseLogger - Using 'UTF-8' encoding to copy filtered resources.
2015-11-03 13:08:19,532 [Worker-34] INFO  o.e.m.c.i.embedder.EclipseLogger - Copying 1 resource
2015-11-03 13:08:19,545 [Worker-34] INFO  o.e.m.c.i.embedder.EclipseLogger - Copying 2 resources
2015-11-03 13:08:19,559 [Worker-34] INFO  o.e.m.c.i.embedder.EclipseLogger - Using 'UTF-8' encoding to copy filtered resources.
2015-11-03 13:08:19,573 [Worker-34] INFO  o.e.m.c.i.embedder.EclipseLogger - skip non existing resourceDirectory C:\Users\Hafrún\OneDrive\Eclipse\Prufa\SpringBootMVC-master\src\test\resources
2015-11-03 13:08:28,913 [Worker-36] INFO  o.e.m.c.i.embedder.EclipseLogger - Using 'UTF-8' encoding to copy filtered resources.
2015-11-03 13:08:28,926 [Worker-36] INFO  o.e.m.c.i.embedder.EclipseLogger - Copying 1 resource
2015-11-03 13:08:28,940 [Worker-36] INFO  o.e.m.c.i.embedder.EclipseLogger - Copying 2 resources
2015-11-03 13:08:28,957 [Worker-36] INFO  o.e.m.c.i.embedder.EclipseLogger - Using 'UTF-8' encoding to copy filtered resources.
2015-11-03 13:08:28,958 [Worker-36] INFO  o.e.m.c.i.embedder.EclipseLogger - skip non existing resourceDirectory C:\Users\Hafrún\OneDrive\Eclipse\Prufa\SpringBootMVC-master\src\test\resources
2015-11-03 13:09:34,635 [Worker-39] INFO  o.e.m.c.i.embedder.EclipseLogger - Using 'UTF-8' encoding to copy filtered resources.
2015-11-03 13:09:34,637 [Worker-39] INFO  o.e.m.c.i.embedder.EclipseLogger - Copying 1 resource
2015-11-03 13:09:34,641 [Worker-39] INFO  o.e.m.c.i.embedder.EclipseLogger - Copying 2 resources
2015-11-03 13:09:34,644 [Worker-39] INFO  o.e.m.c.i.embedder.EclipseLogger - Using 'UTF-8' encoding to copy filtered resources.
2015-11-03 13:09:34,655 [Worker-39] INFO  o.e.m.c.i.embedder.EclipseLogger - skip non existing resourceDirectory C:\Users\Hafrún\OneDrive\Eclipse\Prufa\SpringBootMVC-master\src\test\resources
2015-11-03 13:09:56,644 [Worker-32] INFO  o.e.m.c.i.embedder.EclipseLogger - Using 'UTF-8' encoding to copy filtered resources.
2015-11-03 13:09:56,680 [Worker-32] INFO  o.e.m.c.i.embedder.EclipseLogger - Copying 1 resource
2015-11-03 13:09:56,698 [Worker-32] INFO  o.e.m.c.i.embedder.EclipseLogger - Copying 2 resources
2015-11-03 13:09:56,716 [Worker-32] INFO  o.e.m.c.i.embedder.EclipseLogger - Using 'UTF-8' encoding to copy filtered resources.
2015-11-03 13:09:56,717 [Worker-32] INFO  o.e.m.c.i.embedder.EclipseLogger - skip non existing resourceDirectory C:\Users\Hafrún\OneDrive\Eclipse\Prufa\SpringBootMVC-master\src\test\resources
2015-11-03 13:09:57,814 [Worker-23] INFO  o.e.m.c.i.embedder.EclipseLogger - Using 'UTF-8' encoding to copy filtered resources.
2015-11-03 13:09:57,815 [Worker-23] INFO  o.e.m.c.i.embedder.EclipseLogger - Copying 1 resource
2015-11-03 13:09:57,828 [Worker-23] INFO  o.e.m.c.i.embedder.EclipseLogger - Copying 2 resources
2015-11-03 13:09:57,841 [Worker-23] INFO  o.e.m.c.i.embedder.EclipseLogger - Using 'UTF-8' encoding to copy filtered resources.
2015-11-03 13:09:57,849 [Worker-23] INFO  o.e.m.c.i.embedder.EclipseLogger - skip non existing resourceDirectory C:\Users\Hafrún\OneDrive\Eclipse\Prufa\SpringBootMVC-master\src\test\resources
2015-11-03 13:11:18,794 [Worker-33] INFO  o.e.m.c.i.embedder.EclipseLogger - Using 'UTF-8' encoding to copy filtered resources.
2015-11-03 13:11:18,809 [Worker-33] INFO  o.e.m.c.i.embedder.EclipseLogger - Copying 1 resource
2015-11-03 13:11:18,821 [Worker-33] INFO  o.e.m.c.i.embedder.EclipseLogger - Copying 2 resources
2015-11-03 13:11:18,835 [Worker-33] INFO  o.e.m.c.i.embedder.EclipseLogger - Using 'UTF-8' encoding to copy filtered resources.
2015-11-03 13:11:18,836 [Worker-33] INFO  o.e.m.c.i.embedder.EclipseLogger - skip non existing resourceDirectory C:\Users\Hafrún\OneDrive\Eclipse\Prufa\SpringBootMVC-master\src\test\resources
2015-11-03 13:11:47,119 [Worker-23] INFO  o.e.m.c.i.embedder.EclipseLogger - Using 'UTF-8' encoding to copy filtered resources.
2015-11-03 13:11:47,121 [Worker-23] INFO  o.e.m.c.i.embedder.EclipseLogger - Copying 1 resource
2015-11-03 13:11:47,142 [Worker-23] INFO  o.e.m.c.i.embedder.EclipseLogger - Copying 2 resources
2015-11-03 13:11:47,146 [Worker-23] INFO  o.e.m.c.i.embedder.EclipseLogger - Using 'UTF-8' encoding to copy filtered resources.
2015-11-03 13:11:47,146 [Worker-23] INFO  o.e.m.c.i.embedder.EclipseLogger - skip non existing resourceDirectory C:\Users\Hafrún\OneDrive\Eclipse\Prufa\SpringBootMVC-master\src\test\resources
2015-11-03 13:12:19,845 [Worker-35] INFO  o.e.m.c.i.embedder.EclipseLogger - Using 'UTF-8' encoding to copy filtered resources.
2015-11-03 13:12:19,847 [Worker-35] INFO  o.e.m.c.i.embedder.EclipseLogger - Copying 1 resource
2015-11-03 13:12:19,850 [Worker-35] INFO  o.e.m.c.i.embedder.EclipseLogger - Copying 2 resources
2015-11-03 13:12:19,862 [Worker-35] INFO  o.e.m.c.i.embedder.EclipseLogger - Using 'UTF-8' encoding to copy filtered resources.
2015-11-03 13:12:19,862 [Worker-35] INFO  o.e.m.c.i.embedder.EclipseLogger - skip non existing resourceDirectory C:\Users\Hafrún\OneDrive\Eclipse\Prufa\SpringBootMVC-master\src\test\resources
2015-11-03 13:12:34,134 [Worker-35] INFO  o.e.m.c.i.embedder.EclipseLogger - Using 'UTF-8' encoding to copy filtered resources.
2015-11-03 13:12:34,136 [Worker-35] INFO  o.e.m.c.i.embedder.EclipseLogger - Copying 1 resource
2015-11-03 13:12:34,153 [Worker-35] INFO  o.e.m.c.i.embedder.EclipseLogger - Copying 2 resources
2015-11-03 13:12:34,169 [Worker-35] INFO  o.e.m.c.i.embedder.EclipseLogger - Using 'UTF-8' encoding to copy filtered resources.
2015-11-03 13:12:34,184 [Worker-35] INFO  o.e.m.c.i.embedder.EclipseLogger - skip non existing resourceDirectory C:\Users\Hafrún\OneDrive\Eclipse\Prufa\SpringBootMVC-master\src\test\resources
2015-11-03 13:12:53,199 [Worker-37] INFO  o.e.m.c.i.embedder.EclipseLogger - Using 'UTF-8' encoding to copy filtered resources.
2015-11-03 13:12:53,211 [Worker-37] INFO  o.e.m.c.i.embedder.EclipseLogger - Copying 1 resource
2015-11-03 13:12:53,228 [Worker-37] INFO  o.e.m.c.i.embedder.EclipseLogger - Copying 2 resources
2015-11-03 13:12:53,241 [Worker-37] INFO  o.e.m.c.i.embedder.EclipseLogger - Using 'UTF-8' encoding to copy filtered resources.
2015-11-03 13:12:53,241 [Worker-37] INFO  o.e.m.c.i.embedder.EclipseLogger - skip non existing resourceDirectory C:\Users\Hafrún\OneDrive\Eclipse\Prufa\SpringBootMVC-master\src\test\resources
2015-11-03 13:13:00,895 [Worker-39] INFO  o.e.m.c.i.embedder.EclipseLogger - Using 'UTF-8' encoding to copy filtered resources.
2015-11-03 13:13:00,896 [Worker-39] INFO  o.e.m.c.i.embedder.EclipseLogger - Copying 1 resource
2015-11-03 13:13:00,899 [Worker-39] INFO  o.e.m.c.i.embedder.EclipseLogger - Copying 2 resources
2015-11-03 13:13:00,902 [Worker-39] INFO  o.e.m.c.i.embedder.EclipseLogger - Using 'UTF-8' encoding to copy filtered resources.
2015-11-03 13:13:00,913 [Worker-39] INFO  o.e.m.c.i.embedder.EclipseLogger - skip non existing resourceDirectory C:\Users\Hafrún\OneDrive\Eclipse\Prufa\SpringBootMVC-master\src\test\resources
2015-11-03 13:20:06,339 [Worker-44] INFO  o.e.m.c.i.embedder.EclipseLogger - Using 'UTF-8' encoding to copy filtered resources.
2015-11-03 13:20:06,365 [Worker-44] INFO  o.e.m.c.i.embedder.EclipseLogger - Copying 1 resource
2015-11-03 13:20:06,384 [Worker-44] INFO  o.e.m.c.i.embedder.EclipseLogger - Copying 2 resources
2015-11-03 13:20:06,402 [Worker-44] INFO  o.e.m.c.i.embedder.EclipseLogger - Using 'UTF-8' encoding to copy filtered resources.
2015-11-03 13:20:06,402 [Worker-44] INFO  o.e.m.c.i.embedder.EclipseLogger - skip non existing resourceDirectory C:\Users\Hafrún\OneDrive\Eclipse\Prufa\SpringBootMVC-master\src\test\resources
2015-11-03 13:20:27,944 [Worker-36] INFO  o.e.m.c.i.embedder.EclipseLogger - Using 'UTF-8' encoding to copy filtered resources.
2015-11-03 13:20:27,949 [Worker-36] INFO  o.e.m.c.i.embedder.EclipseLogger - Copying 1 resource
2015-11-03 13:20:27,984 [Worker-36] INFO  o.e.m.c.i.embedder.EclipseLogger - Copying 2 resources
2015-11-03 13:20:27,997 [Worker-36] INFO  o.e.m.c.i.embedder.EclipseLogger - Using 'UTF-8' encoding to copy filtered resources.
2015-11-03 13:20:28,010 [Worker-36] INFO  o.e.m.c.i.embedder.EclipseLogger - skip non existing resourceDirectory C:\Users\Hafrún\OneDrive\Eclipse\Prufa\SpringBootMVC-master\src\test\resources
2015-11-03 13:40:09,514 [Worker-24] INFO  o.e.m.c.i.embedder.EclipseLogger - Using 'UTF-8' encoding to copy filtered resources.
2015-11-03 13:40:09,531 [Worker-24] INFO  o.e.m.c.i.embedder.EclipseLogger - Copying 1 resource
2015-11-03 13:40:09,573 [Worker-24] INFO  o.e.m.c.i.embedder.EclipseLogger - Copying 2 resources
2015-11-03 13:40:09,581 [Worker-24] INFO  o.e.m.c.i.embedder.EclipseLogger - Using 'UTF-8' encoding to copy filtered resources.
2015-11-03 13:40:09,581 [Worker-24] INFO  o.e.m.c.i.embedder.EclipseLogger - skip non existing resourceDirectory C:\Users\Hafrún\OneDrive\Eclipse\Prufa\SpringBootMVC-master\src\test\resources
2015-11-05 10:51:31,006 [Worker-18] INFO  o.e.m.c.i.e.AbstractTransferListenerAdapter - Downloading https://repo.maven.apache.org/maven2/org/springframework/data/spring-data-commons/1.9.3.RELEASE/spring-data-commons-1.9.3.RELEASE-sources.jar
2015-11-05 10:51:32,816 [Worker-18] INFO  o.e.m.c.i.e.AbstractTransferListenerAdapter - Downloaded https://repo.maven.apache.org/maven2/org/springframework/data/spring-data-commons/1.9.3.RELEASE/spring-data-commons-1.9.3.RELEASE-sources.jar
2015-11-05 10:51:33,114 [Worker-18] INFO  o.e.m.j.internal.DownloadSourcesJob - Downloaded sources for org.springframework.data:spring-data-commons:1.9.3.RELEASE
2015-11-05 10:51:35,616 [Worker-18] INFO  o.e.m.c.i.embedder.EclipseLogger - Using 'UTF-8' encoding to copy filtered resources.
2015-11-05 10:51:35,623 [Worker-18] INFO  o.e.m.c.i.embedder.EclipseLogger - Copying 1 resource
2015-11-05 10:51:35,652 [Worker-18] INFO  o.e.m.c.i.embedder.EclipseLogger - Copying 2 resources
2015-11-05 10:51:35,657 [Worker-18] INFO  o.e.m.c.i.embedder.EclipseLogger - Using 'UTF-8' encoding to copy filtered resources.
2015-11-05 10:51:35,658 [Worker-18] INFO  o.e.m.c.i.embedder.EclipseLogger - skip non existing resourceDirectory C:\Users\Hafrún\OneDrive\Eclipse\Prufa\SpringBootMVC-master\src\test\resources
2015-11-05 10:55:32,376 [Worker-21] INFO  o.e.m.c.i.embedder.EclipseLogger - Using 'UTF-8' encoding to copy filtered resources.
2015-11-05 10:55:32,383 [Worker-21] INFO  o.e.m.c.i.embedder.EclipseLogger - Copying 1 resource
2015-11-05 10:55:32,432 [Worker-21] INFO  o.e.m.c.i.embedder.EclipseLogger - Copying 2 resources
2015-11-05 10:55:32,439 [Worker-21] INFO  o.e.m.c.i.embedder.EclipseLogger - Using 'UTF-8' encoding to copy filtered resources.
2015-11-05 10:55:32,439 [Worker-21] INFO  o.e.m.c.i.embedder.EclipseLogger - skip non existing resourceDirectory C:\Users\Hafrún\OneDrive\Eclipse\Prufa\SpringBootMVC-master\src\test\resources
2015-11-05 10:56:37,104 [Worker-16] INFO  o.e.m.c.i.embedder.EclipseLogger - Using 'UTF-8' encoding to copy filtered resources.
2015-11-05 10:56:37,106 [Worker-16] INFO  o.e.m.c.i.embedder.EclipseLogger - Copying 1 resource
2015-11-05 10:56:37,111 [Worker-16] INFO  o.e.m.c.i.embedder.EclipseLogger - Copying 2 resources
2015-11-05 10:56:37,127 [Worker-16] INFO  o.e.m.c.i.embedder.EclipseLogger - Using 'UTF-8' encoding to copy filtered resources.
2015-11-05 10:56:37,128 [Worker-16] INFO  o.e.m.c.i.embedder.EclipseLogger - skip non existing resourceDirectory C:\Users\Hafrún\OneDrive\Eclipse\Prufa\SpringBootMVC-master\src\test\resources
2015-11-05 10:59:02,783 [Worker-24] INFO  o.e.m.c.i.embedder.EclipseLogger - Using 'UTF-8' encoding to copy filtered resources.
2015-11-05 10:59:02,785 [Worker-24] INFO  o.e.m.c.i.embedder.EclipseLogger - Copying 1 resource
2015-11-05 10:59:02,800 [Worker-24] INFO  o.e.m.c.i.embedder.EclipseLogger - Copying 2 resources
2015-11-05 10:59:02,815 [Worker-24] INFO  o.e.m.c.i.embedder.EclipseLogger - Using 'UTF-8' encoding to copy filtered resources.
2015-11-05 10:59:02,825 [Worker-24] INFO  o.e.m.c.i.embedder.EclipseLogger - skip non existing resourceDirectory C:\Users\Hafrún\OneDrive\Eclipse\Prufa\SpringBootMVC-master\src\test\resources
2015-11-05 11:04:31,776 [Worker-25] INFO  o.e.m.c.i.embedder.EclipseLogger - Using 'UTF-8' encoding to copy filtered resources.
2015-11-05 11:04:31,778 [Worker-25] INFO  o.e.m.c.i.embedder.EclipseLogger - Copying 1 resource
2015-11-05 11:04:31,792 [Worker-25] INFO  o.e.m.c.i.embedder.EclipseLogger - Copying 2 resources
2015-11-05 11:04:31,807 [Worker-25] INFO  o.e.m.c.i.embedder.EclipseLogger - Using 'UTF-8' encoding to copy filtered resources.
2015-11-05 11:04:31,807 [Worker-25] INFO  o.e.m.c.i.embedder.EclipseLogger - skip non existing resourceDirectory C:\Users\Hafrún\OneDrive\Eclipse\Prufa\SpringBootMVC-master\src\test\resources
2015-11-05 11:05:35,448 [Worker-22] INFO  o.e.m.c.i.embedder.EclipseLogger - Using 'UTF-8' encoding to copy filtered resources.
2015-11-05 11:05:35,450 [Worker-22] INFO  o.e.m.c.i.embedder.EclipseLogger - Copying 1 resource
2015-11-05 11:05:35,459 [Worker-22] INFO  o.e.m.c.i.embedder.EclipseLogger - Copying 2 resources
2015-11-05 11:05:35,462 [Worker-22] INFO  o.e.m.c.i.embedder.EclipseLogger - Using 'UTF-8' encoding to copy filtered resources.
2015-11-05 11:05:35,473 [Worker-22] INFO  o.e.m.c.i.embedder.EclipseLogger - skip non existing resourceDirectory C:\Users\Hafrún\OneDrive\Eclipse\Prufa\SpringBootMVC-master\src\test\resources
2015-11-05 11:06:44,290 [Worker-27] INFO  o.e.m.c.i.embedder.EclipseLogger - Using 'UTF-8' encoding to copy filtered resources.
2015-11-05 11:06:44,292 [Worker-27] INFO  o.e.m.c.i.embedder.EclipseLogger - Copying 1 resource
2015-11-05 11:06:44,304 [Worker-27] INFO  o.e.m.c.i.embedder.EclipseLogger - Copying 2 resources
2015-11-05 11:06:44,316 [Worker-27] INFO  o.e.m.c.i.embedder.EclipseLogger - Using 'UTF-8' encoding to copy filtered resources.
2015-11-05 11:06:44,316 [Worker-27] INFO  o.e.m.c.i.embedder.EclipseLogger - skip non existing resourceDirectory C:\Users\Hafrún\OneDrive\Eclipse\Prufa\SpringBootMVC-master\src\test\resources
2015-11-05 11:11:16,444 [Worker-22] INFO  o.e.m.c.i.embedder.EclipseLogger - Using 'UTF-8' encoding to copy filtered resources.
2015-11-05 11:11:16,446 [Worker-22] INFO  o.e.m.c.i.embedder.EclipseLogger - Copying 1 resource
2015-11-05 11:11:16,464 [Worker-22] INFO  o.e.m.c.i.embedder.EclipseLogger - Copying 2 resources
2015-11-05 11:11:16,479 [Worker-22] INFO  o.e.m.c.i.embedder.EclipseLogger - Using 'UTF-8' encoding to copy filtered resources.
2015-11-05 11:11:16,490 [Worker-22] INFO  o.e.m.c.i.embedder.EclipseLogger - skip non existing resourceDirectory C:\Users\Hafrún\OneDrive\Eclipse\Prufa\SpringBootMVC-master\src\test\resources
2015-11-05 11:14:24,895 [Worker-28] INFO  o.e.m.c.i.embedder.EclipseLogger - Using 'UTF-8' encoding to copy filtered resources.
2015-11-05 11:14:24,897 [Worker-28] INFO  o.e.m.c.i.embedder.EclipseLogger - Copying 1 resource
2015-11-05 11:14:24,910 [Worker-28] INFO  o.e.m.c.i.embedder.EclipseLogger - Copying 2 resources
2015-11-05 11:14:24,924 [Worker-28] INFO  o.e.m.c.i.embedder.EclipseLogger - Using 'UTF-8' encoding to copy filtered resources.
2015-11-05 11:14:24,924 [Worker-28] INFO  o.e.m.c.i.embedder.EclipseLogger - skip non existing resourceDirectory C:\Users\Hafrún\OneDrive\Eclipse\Prufa\SpringBootMVC-master\src\test\resources
2015-11-05 11:15:45,828 [Worker-27] INFO  o.e.m.c.i.embedder.EclipseLogger - Using 'UTF-8' encoding to copy filtered resources.
2015-11-05 11:15:45,830 [Worker-27] INFO  o.e.m.c.i.embedder.EclipseLogger - Copying 1 resource
2015-11-05 11:15:45,833 [Worker-27] INFO  o.e.m.c.i.embedder.EclipseLogger - Copying 2 resources
2015-11-05 11:15:45,855 [Worker-27] INFO  o.e.m.c.i.embedder.EclipseLogger - Using 'UTF-8' encoding to copy filtered resources.
2015-11-05 11:15:45,856 [Worker-27] INFO  o.e.m.c.i.embedder.EclipseLogger - skip non existing resourceDirectory C:\Users\Hafrún\OneDrive\Eclipse\Prufa\SpringBootMVC-master\src\test\resources
2015-11-05 11:16:23,568 [Worker-28] INFO  o.e.m.c.i.embedder.EclipseLogger - Using 'UTF-8' encoding to copy filtered resources.
2015-11-05 11:16:23,569 [Worker-28] INFO  o.e.m.c.i.embedder.EclipseLogger - Copying 1 resource
2015-11-05 11:16:23,573 [Worker-28] INFO  o.e.m.c.i.embedder.EclipseLogger - Copying 2 resources
2015-11-05 11:16:23,598 [Worker-28] INFO  o.e.m.c.i.embedder.EclipseLogger - Using 'UTF-8' encoding to copy filtered resources.
2015-11-05 11:16:23,599 [Worker-28] INFO  o.e.m.c.i.embedder.EclipseLogger - skip non existing resourceDirectory C:\Users\Hafrún\OneDrive\Eclipse\Prufa\SpringBootMVC-master\src\test\resources
2015-11-05 11:19:23,881 [Worker-22] INFO  o.e.m.c.i.embedder.EclipseLogger - Using 'UTF-8' encoding to copy filtered resources.
2015-11-05 11:19:23,882 [Worker-22] INFO  o.e.m.c.i.embedder.EclipseLogger - Copying 1 resource
2015-11-05 11:19:23,893 [Worker-22] INFO  o.e.m.c.i.embedder.EclipseLogger - Copying 2 resources
2015-11-05 11:19:23,902 [Worker-22] INFO  o.e.m.c.i.embedder.EclipseLogger - Using 'UTF-8' encoding to copy filtered resources.
2015-11-05 11:19:23,909 [Worker-22] INFO  o.e.m.c.i.embedder.EclipseLogger - skip non existing resourceDirectory C:\Users\Hafrún\OneDrive\Eclipse\Prufa\SpringBootMVC-master\src\test\resources
2015-11-05 11:19:32,303 [Worker-31] INFO  o.e.m.c.i.embedder.EclipseLogger - Using 'UTF-8' encoding to copy filtered resources.
2015-11-05 11:19:32,305 [Worker-31] INFO  o.e.m.c.i.embedder.EclipseLogger - Copying 1 resource
2015-11-05 11:19:32,328 [Worker-31] INFO  o.e.m.c.i.embedder.EclipseLogger - Copying 2 resources
2015-11-05 11:19:32,347 [Worker-31] INFO  o.e.m.c.i.embedder.EclipseLogger - Using 'UTF-8' encoding to copy filtered resources.
2015-11-05 11:19:32,347 [Worker-31] INFO  o.e.m.c.i.embedder.EclipseLogger - skip non existing resourceDirectory C:\Users\Hafrún\OneDrive\Eclipse\Prufa\SpringBootMVC-master\src\test\resources
2015-11-05 11:20:08,989 [Worker-31] INFO  o.e.m.c.i.embedder.EclipseLogger - Using 'UTF-8' encoding to copy filtered resources.
2015-11-05 11:20:08,990 [Worker-31] INFO  o.e.m.c.i.embedder.EclipseLogger - Copying 1 resource
2015-11-05 11:20:09,004 [Worker-31] INFO  o.e.m.c.i.embedder.EclipseLogger - Copying 2 resources
2015-11-05 11:20:09,008 [Worker-31] INFO  o.e.m.c.i.embedder.EclipseLogger - Using 'UTF-8' encoding to copy filtered resources.
2015-11-05 11:20:09,019 [Worker-31] INFO  o.e.m.c.i.embedder.EclipseLogger - skip non existing resourceDirectory C:\Users\Hafrún\OneDrive\Eclipse\Prufa\SpringBootMVC-master\src\test\resources
2015-11-05 11:20:24,138 [Worker-22] INFO  o.e.m.c.i.embedder.EclipseLogger - Using 'UTF-8' encoding to copy filtered resources.
2015-11-05 11:20:24,139 [Worker-22] INFO  o.e.m.c.i.embedder.EclipseLogger - Copying 1 resource
2015-11-05 11:20:24,150 [Worker-22] INFO  o.e.m.c.i.embedder.EclipseLogger - Copying 2 resources
2015-11-05 11:20:24,159 [Worker-22] INFO  o.e.m.c.i.embedder.EclipseLogger - Using 'UTF-8' encoding to copy filtered resources.
2015-11-05 11:20:24,159 [Worker-22] INFO  o.e.m.c.i.embedder.EclipseLogger - skip non existing resourceDirectory C:\Users\Hafrún\OneDrive\Eclipse\Prufa\SpringBootMVC-master\src\test\resources
2015-11-05 11:21:07,296 [Worker-30] INFO  o.e.m.c.i.embedder.EclipseLogger - Using 'UTF-8' encoding to copy filtered resources.
2015-11-05 11:21:07,297 [Worker-30] INFO  o.e.m.c.i.embedder.EclipseLogger - Copying 1 resource
2015-11-05 11:21:07,310 [Worker-30] INFO  o.e.m.c.i.embedder.EclipseLogger - Copying 2 resources
2015-11-05 11:21:07,322 [Worker-30] INFO  o.e.m.c.i.embedder.EclipseLogger - Using 'UTF-8' encoding to copy filtered resources.
2015-11-05 11:21:07,333 [Worker-30] INFO  o.e.m.c.i.embedder.EclipseLogger - skip non existing resourceDirectory C:\Users\Hafrún\OneDrive\Eclipse\Prufa\SpringBootMVC-master\src\test\resources
2015-11-05 11:21:13,258 [Worker-32] INFO  o.e.m.c.i.embedder.EclipseLogger - Using 'UTF-8' encoding to copy filtered resources.
2015-11-05 11:21:13,260 [Worker-32] INFO  o.e.m.c.i.embedder.EclipseLogger - Copying 1 resource
2015-11-05 11:21:13,269 [Worker-32] INFO  o.e.m.c.i.embedder.EclipseLogger - Copying 2 resources
2015-11-05 11:21:13,279 [Worker-32] INFO  o.e.m.c.i.embedder.EclipseLogger - Using 'UTF-8' encoding to copy filtered resources.
2015-11-05 11:21:13,279 [Worker-32] INFO  o.e.m.c.i.embedder.EclipseLogger - skip non existing resourceDirectory C:\Users\Hafrún\OneDrive\Eclipse\Prufa\SpringBootMVC-master\src\test\resources
